<?xml version="1.0" encoding="UTF-8"?>
<!-- Generated by org.testng.reporters.JUnitReportReporter -->
<testsuite hostname="SVINDK00010" name="com.rest.api.post.POSTAPI" tests="1" failures="0" timestamp="29 Jan 2020 10:36:21 GMT" time="6.427" errors="0">
  <testcase name="postAPI_2" time="6.427" classname="com.rest.api.post.POSTAPI"/>
</testsuite> <!-- com.rest.api.post.POSTAPI -->
