<?xml version="1.0" encoding="UTF-8"?>
<!-- Generated by org.testng.reporters.JUnitReportReporter -->
<testsuite hostname="SVINDK00010" name="com.rest.api.put.PUTapi" tests="1" failures="0" timestamp="30 Jan 2020 06:46:51 GMT" time="7.149" errors="0">
  <testcase name="postAPI_2" time="7.149" classname="com.rest.api.put.PUTapi"/>
</testsuite> <!-- com.rest.api.put.PUTapi -->
