<?xml version="1.0" encoding="UTF-8"?>
<!-- Generated by org.testng.reporters.JUnitReportReporter -->
<testsuite hostname="SVINDK00010" name="RestAssuredBasics.SimplePOST" tests="1" failures="0" timestamp="10 Jan 2020 11:54:20 GMT" time="1.966" errors="0">
  <testcase name="registrationProcess" time="1.966" classname="RestAssuredBasics.SimplePOST"/>
</testsuite> <!-- RestAssuredBasics.SimplePOST -->
