<?xml version="1.0" encoding="UTF-8"?>
<!-- Generated by org.testng.reporters.JUnitReportReporter -->
<testsuite hostname="SVINDK00010" name="RestAssuredBasics.SimpleGET" tests="1" failures="0" timestamp="29 Jan 2020 07:53:41 GMT" time="6.117" errors="0">
  <testcase name="GetWeatherDetails" time="6.117" classname="RestAssuredBasics.SimpleGET"/>
</testsuite> <!-- RestAssuredBasics.SimpleGET -->
