<?xml version="1.0" encoding="UTF-8"?>
<!-- Generated by org.testng.reporters.JUnitReportReporter -->
<testsuite hostname="SVINDK00010" name="com.rest.api.get.GetAPI" tests="1" failures="0" timestamp="29 Jan 2020 07:59:15 GMT" time="4.288" errors="0">
  <testcase name="getGoRestAPI" time="4.288" classname="com.rest.api.get.GetAPI"/>
</testsuite> <!-- com.rest.api.get.GetAPI -->
